2014-12-28 11:44:29,542 INFO: TMS startup [in /Users/Root1/app/app/__init__.py:34]
2014-12-28 11:44:29,942 INFO: TMS startup [in /Users/Root1/app/app/__init__.py:34]
2014-12-28 11:46:05,791 INFO: TMS startup [in /Users/Root1/app/app/__init__.py:34]
2014-12-28 11:46:06,220 INFO: TMS startup [in /Users/Root1/app/app/__init__.py:34]
2014-12-28 11:47:15,137 INFO: TMS startup [in /Users/Root1/app/app/__init__.py:34]
2014-12-28 11:47:15,566 INFO: TMS startup [in /Users/Root1/app/app/__init__.py:34]
2014-12-28 11:47:38,656 INFO: TMS startup [in /Users/Root1/app/app/__init__.py:34]
2014-12-28 11:47:39,092 INFO: TMS startup [in /Users/Root1/app/app/__init__.py:34]
2014-12-28 11:48:03,802 INFO: TMS startup [in /Users/Root1/app/app/__init__.py:34]
2014-12-28 11:48:04,252 INFO: TMS startup [in /Users/Root1/app/app/__init__.py:34]
2014-12-28 11:57:08,290 INFO: TMS startup [in /Users/Root1/app/app/__init__.py:34]
2014-12-28 11:57:08,707 INFO: TMS startup [in /Users/Root1/app/app/__init__.py:34]
2014-12-28 11:58:13,977 INFO: TMS startup [in /Users/Root1/app/app/__init__.py:34]
2014-12-28 11:58:18,552 ERROR: 404: Not Found [in /Users/Root1/app/app/views/static.py:92]
Traceback (most recent call last):
  File "/Users/Root1/venv/lib/python2.7/site-packages/flask/app.py", line 1475, in full_dispatch_request
    rv = self.dispatch_request()
  File "/Users/Root1/venv/lib/python2.7/site-packages/flask/app.py", line 1453, in dispatch_request
    self.raise_routing_exception(req)
  File "/Users/Root1/venv/lib/python2.7/site-packages/flask/app.py", line 1436, in raise_routing_exception
    raise request.routing_exception
NotFound: 404: Not Found
2014-12-28 12:07:31,826 INFO: TMS startup [in /Users/Root1/app/app/__init__.py:34]
2014-12-28 12:07:32,293 INFO: TMS startup [in /Users/Root1/app/app/__init__.py:34]
2014-12-28 12:07:33,126 ERROR: 404: Not Found [in /Users/Root1/app/app/views/static.py:92]
Traceback (most recent call last):
  File "/Users/Root1/venv/lib/python2.7/site-packages/flask/app.py", line 1475, in full_dispatch_request
    rv = self.dispatch_request()
  File "/Users/Root1/venv/lib/python2.7/site-packages/flask/app.py", line 1453, in dispatch_request
    self.raise_routing_exception(req)
  File "/Users/Root1/venv/lib/python2.7/site-packages/flask/app.py", line 1436, in raise_routing_exception
    raise request.routing_exception
NotFound: 404: Not Found
2014-12-28 12:08:04,188 INFO: TMS startup [in /Users/Root1/app/app/__init__.py:34]
2014-12-28 12:08:05,373 ERROR: 404: Not Found [in /Users/Root1/app/app/views/static.py:93]
Traceback (most recent call last):
  File "/Users/Root1/venv/lib/python2.7/site-packages/flask/app.py", line 1475, in full_dispatch_request
    rv = self.dispatch_request()
  File "/Users/Root1/venv/lib/python2.7/site-packages/flask/app.py", line 1453, in dispatch_request
    self.raise_routing_exception(req)
  File "/Users/Root1/venv/lib/python2.7/site-packages/flask/app.py", line 1436, in raise_routing_exception
    raise request.routing_exception
NotFound: 404: Not Found
2014-12-28 12:14:10,776 INFO: TMS startup [in /Users/Root1/app/app/__init__.py:34]
2014-12-28 12:14:11,225 INFO: TMS startup [in /Users/Root1/app/app/__init__.py:34]
2014-12-28 12:15:22,574 INFO: TMS startup [in /Users/Root1/app/app/__init__.py:34]
2014-12-29 00:47:01,623 INFO: TMS startup [in /Users/Root1/App/app/__init__.py:34]
2014-12-29 00:48:33,441 INFO: TMS startup [in /Users/Root1/App/app/__init__.py:34]
2014-12-29 00:50:45,261 INFO: TMS startup [in /Users/Root1/App/app/__init__.py:34]
2014-12-29 00:53:15,442 INFO: TMS startup [in /Users/Root1/App/app/__init__.py:34]
2014-12-29 00:55:12,288 INFO: TMS startup [in /Users/Root1/App/app/__init__.py:34]
2014-12-29 00:55:28,130 INFO: TMS startup [in /Users/Root1/App/app/__init__.py:34]
2014-12-29 00:58:08,753 INFO: TMS startup [in /Users/Root1/App/app/__init__.py:34]
2014-12-29 10:30:16,441 INFO: TMS startup [in /Users/Root1/App/app/__init__.py:34]
2014-12-29 10:30:56,338 INFO: TMS startup [in /Users/Root1/App/app/__init__.py:34]
2014-12-29 10:31:11,931 INFO: TMS startup [in /Users/Root1/App/app/__init__.py:34]
2014-12-29 10:31:31,798 INFO: TMS startup [in /Users/Root1/App/app/__init__.py:34]
2014-12-29 10:31:32,071 INFO: TMS startup [in /Users/Root1/App/app/__init__.py:34]
2014-12-29 11:12:56,089 INFO: TMS startup [in /Users/Root1/App/app/__init__.py:34]
2014-12-29 11:13:30,421 INFO: TMS startup [in /Users/Root1/App/app/__init__.py:34]
2014-12-29 11:13:41,810 INFO: TMS startup [in /Users/Root1/App/app/__init__.py:34]
2014-12-29 11:21:49,777 INFO: TMS startup [in /Users/Root1/App/app/__init__.py:34]
2014-12-29 11:27:56,284 INFO: TMS startup [in /Users/Root1/App/app/__init__.py:34]
2014-12-29 11:31:28,331 INFO: TMS startup [in /Users/Root1/App/app/__init__.py:34]
2014-12-29 11:33:49,725 INFO: TMS startup [in /Users/Root1/App/app/__init__.py:34]
2014-12-29 11:44:40,493 INFO: TMS startup [in /Users/Root1/App/app/__init__.py:34]
2014-12-29 11:48:26,591 INFO: TMS startup [in /Users/Root1/App/app/__init__.py:34]
2014-12-29 11:50:48,901 INFO: TMS startup [in /Users/Root1/App/app/__init__.py:34]
2014-12-29 11:53:21,988 INFO: TMS startup [in /Users/Root1/App/app/__init__.py:34]
2014-12-29 11:56:34,457 INFO: TMS startup [in /Users/Root1/App/app/__init__.py:34]
2014-12-29 12:10:20,625 INFO: TMS startup [in /Users/Root1/App/app/__init__.py:34]
2014-12-29 13:48:13,955 INFO: TMS startup [in /Users/Root1/App/app/__init__.py:34]
2014-12-29 13:49:57,021 INFO: TMS startup [in /Users/Root1/App/app/__init__.py:34]
2014-12-29 14:02:32,309 INFO: TMS startup [in /Users/Root1/App/app/__init__.py:34]
2014-12-29 14:04:52,402 INFO: TMS startup [in /Users/Root1/App/app/__init__.py:34]
2014-12-29 14:04:52,738 INFO: TMS startup [in /Users/Root1/App/app/__init__.py:34]
2014-12-29 14:06:04,899 INFO: TMS startup [in /Users/Root1/App/app/__init__.py:34]
2014-12-29 14:06:15,844 INFO: TMS startup [in /Users/Root1/App/app/__init__.py:34]
2014-12-29 14:06:26,486 INFO: TMS startup [in /Users/Root1/App/app/__init__.py:34]
2014-12-29 14:06:26,792 INFO: TMS startup [in /Users/Root1/App/app/__init__.py:34]
2014-12-29 14:30:37,436 INFO: TMS startup [in /Users/Root1/App/app/__init__.py:34]
2014-12-29 14:30:37,868 INFO: TMS startup [in /Users/Root1/App/app/__init__.py:34]
2014-12-29 14:31:18,645 INFO: TMS startup [in /Users/Root1/App/app/__init__.py:34]
2014-12-29 14:31:19,055 INFO: TMS startup [in /Users/Root1/App/app/__init__.py:34]
2014-12-29 14:49:11,725 INFO: TMS startup [in /Users/Root1/App/app/__init__.py:34]
2014-12-29 14:50:26,755 INFO: TMS startup [in /Users/Root1/App/app/__init__.py:34]
2014-12-29 14:50:27,224 INFO: TMS startup [in /Users/Root1/App/app/__init__.py:34]
2014-12-29 14:53:31,547 INFO: TMS startup [in /Users/Root1/App/app/__init__.py:34]
2014-12-29 14:53:32,005 INFO: TMS startup [in /Users/Root1/App/app/__init__.py:34]
2014-12-29 14:56:29,140 INFO: TMS startup [in /Users/Root1/App/app/__init__.py:34]
2014-12-29 14:56:34,683 INFO: TMS startup [in /Users/Root1/App/app/__init__.py:34]
2014-12-29 14:57:05,595 INFO: TMS startup [in /Users/Root1/App/app/__init__.py:34]
2014-12-29 14:57:09,148 INFO: TMS startup [in /Users/Root1/App/app/__init__.py:34]
2014-12-29 14:58:52,125 INFO: TMS startup [in /Users/Root1/App/app/__init__.py:34]
2014-12-29 14:58:52,534 INFO: TMS startup [in /Users/Root1/App/app/__init__.py:34]
2014-12-29 15:00:39,544 INFO: TMS startup [in /Users/Root1/App/app/__init__.py:34]
2014-12-29 15:00:57,250 INFO: TMS startup [in /Users/Root1/App/app/__init__.py:34]
2014-12-29 15:02:50,445 INFO: TMS startup [in /Users/Root1/App/app/__init__.py:34]
2014-12-29 15:02:58,244 INFO: TMS startup [in /Users/Root1/App/app/__init__.py:34]
2014-12-29 15:03:31,735 INFO: TMS startup [in /Users/Root1/App/app/__init__.py:34]
2014-12-29 15:03:32,126 INFO: TMS startup [in /Users/Root1/App/app/__init__.py:34]
2014-12-29 15:04:28,277 INFO: TMS startup [in /Users/Root1/App/app/__init__.py:34]
2014-12-29 15:04:40,954 INFO: TMS startup [in /Users/Root1/App/app/__init__.py:34]
2014-12-29 15:04:41,325 INFO: TMS startup [in /Users/Root1/App/app/__init__.py:34]
2014-12-29 15:08:03,454 INFO: TMS startup [in /Users/Root1/App/app/__init__.py:34]
2014-12-29 15:08:03,832 INFO: TMS startup [in /Users/Root1/App/app/__init__.py:34]
2014-12-29 15:10:39,470 INFO: TMS startup [in /Users/Root1/App/app/__init__.py:34]
2014-12-29 15:10:39,855 INFO: TMS startup [in /Users/Root1/App/app/__init__.py:34]
2014-12-29 15:11:14,820 INFO: TMS startup [in /Users/Root1/App/app/__init__.py:34]
2014-12-29 15:11:20,285 INFO: TMS startup [in /Users/Root1/App/app/__init__.py:34]
2014-12-29 15:13:14,240 INFO: TMS startup [in /Users/Root1/App/app/__init__.py:34]
2014-12-29 15:15:44,741 INFO: TMS startup [in /Users/Root1/App/app/__init__.py:34]
2014-12-29 15:15:45,172 INFO: TMS startup [in /Users/Root1/App/app/__init__.py:34]
2014-12-29 15:17:19,815 INFO: TMS startup [in /Users/Root1/App/app/__init__.py:34]
2014-12-29 15:17:26,326 INFO: TMS startup [in /Users/Root1/App/app/__init__.py:34]
2014-12-29 15:17:31,803 INFO: TMS startup [in /Users/Root1/App/app/__init__.py:34]
2014-12-29 15:17:32,204 INFO: TMS startup [in /Users/Root1/App/app/__init__.py:34]
